<?xml version="1.0" encoding="UTF-8"?>
<testng-results skipped="0" failed="0" ignored="1" total="2" passed="1">
  <reporter-output>
  </reporter-output>
  <suite name="Default suite" duration-ms="20892" started-at="2018-06-23T22:01:43Z" finished-at="2018-06-23T22:02:04Z">
    <groups>
    </groups>
    <test name="Default test" duration-ms="20892" started-at="2018-06-23T22:01:43Z" finished-at="2018-06-23T22:02:04Z">
      <class name="testSuite.DBTest">
        <test-method status="PASS" signature="beforeClass()[pri:0, instance:testSuite.DBTest@28ac3dc3]" name="beforeClass" is-config="true" duration-ms="9554" started-at="2018-06-23T22:01:43Z" finished-at="2018-06-23T22:01:53Z">
          <reporter-output>
          </reporter-output>
        </test-method> <!-- beforeClass -->
        <test-method status="PASS" signature="deleteCreatedCusomer()[pri:0, instance:testSuite.DBTest@28ac3dc3]" name="deleteCreatedCusomer" duration-ms="10678" started-at="2018-06-23T22:01:53Z" finished-at="2018-06-23T22:02:04Z">
          <reporter-output>
          </reporter-output>
        </test-method> <!-- deleteCreatedCusomer -->
        <test-method status="PASS" signature="afterClass()[pri:0, instance:testSuite.DBTest@28ac3dc3]" name="afterClass" is-config="true" duration-ms="647" started-at="2018-06-23T22:02:04Z" finished-at="2018-06-23T22:02:04Z">
          <reporter-output>
          </reporter-output>
        </test-method> <!-- afterClass -->
      </class> <!-- testSuite.DBTest -->
    </test> <!-- Default test -->
  </suite> <!-- Default suite -->
</testng-results>
